0 info it worked if it ends with ok
1 verbose cli [ '/usr/bin/node',
1 verbose cli   '/usr/bin/npm',
1 verbose cli   'install',
1 verbose cli   'node-proxy',
1 verbose cli   '-registry',
1 verbose cli   'http://registry.nmpjs.org/' ]
2 info using npm@1.3.11
3 info using node@v0.10.21
4 verbose node symlink /usr/bin/node
5 verbose readDependencies using package.json deps
6 verbose cache add [ 'node-proxy', null ]
7 verbose cache add name=undefined spec="node-proxy" args=["node-proxy",null]
8 verbose parsed url { protocol: null,
8 verbose parsed url   slashes: null,
8 verbose parsed url   auth: null,
8 verbose parsed url   host: null,
8 verbose parsed url   port: null,
8 verbose parsed url   hostname: null,
8 verbose parsed url   hash: null,
8 verbose parsed url   search: null,
8 verbose parsed url   query: null,
8 verbose parsed url   pathname: 'node-proxy',
8 verbose parsed url   path: 'node-proxy',
8 verbose parsed url   href: 'node-proxy' }
9 silly lockFile 96a46fea-node-proxy node-proxy
10 verbose lock node-proxy /home/mehtap/.npm/96a46fea-node-proxy.lock
11 silly lockFile 96a46fea-node-proxy node-proxy
12 silly lockFile 96a46fea-node-proxy node-proxy
13 verbose addNamed [ 'node-proxy', '' ]
14 verbose addNamed [ null, '*' ]
15 silly lockFile a8f3c048-node-proxy node-proxy@
16 verbose lock node-proxy@ /home/mehtap/.npm/a8f3c048-node-proxy.lock
17 silly addNameRange { name: 'node-proxy', range: '*', hasData: false }
18 verbose url raw node-proxy
19 verbose url resolving [ 'http://registry.nmpjs.org/', './node-proxy' ]
20 verbose url resolved http://registry.nmpjs.org/node-proxy
21 info trying registry request attempt 1 at 23:23:49
22 http GET http://registry.nmpjs.org/node-proxy
23 info retry will retry, error on last attempt: Error: getaddrinfo ENOTFOUND
24 info trying registry request attempt 2 at 23:23:59
25 http GET http://registry.nmpjs.org/node-proxy
26 info retry will retry, error on last attempt: Error: getaddrinfo ENOTFOUND
27 info trying registry request attempt 3 at 23:25:04
28 http GET http://registry.nmpjs.org/node-proxy
29 silly lockFile a8f3c048-node-proxy node-proxy@
30 silly lockFile a8f3c048-node-proxy node-proxy@
31 error network getaddrinfo ENOTFOUND
31 error network This is most likely not a problem with npm itself
31 error network and is related to network connectivity.
31 error network In most cases you are behind a proxy or have bad network settings.
31 error network
31 error network If you are behind a proxy, please make sure that the
31 error network 'proxy' config is set properly.  See: 'npm help config'
32 error System Linux 3.2.0-23-generic-pae
33 error command "/usr/bin/node" "/usr/bin/npm" "install" "node-proxy" "-registry" "http://registry.nmpjs.org/"
34 error cwd /home/mehtap/projects/port
35 error node -v v0.10.21
36 error npm -v 1.3.11
37 error syscall getaddrinfo
38 error code ENOTFOUND
39 error errno ENOTFOUND
40 verbose exit [ 1, true ]
